0 info it worked if it ends with ok
1 verbose cli [ 'C:\\Program Files\\nodejs\\\\node.exe',
1 verbose cli   'C:\\Program Files\\nodejs\\node_modules\\npm\\bin\\npm-cli.js',
1 verbose cli   'uninstall',
1 verbose cli   'bootstrap',
1 verbose cli   '--save' ]
2 info using npm@1.3.17
3 info using node@v0.10.23
4 verbose node symlink C:\Program Files\nodejs\\node.exe
5 info C:\Users\martin.sandstrom\Documents\GitHub\ListGhPages\node_modules\bootstrap unbuild
6 error Error: EPERM, unlink 'C:\Users\martin.sandstrom\Documents\GitHub\ListGhPages\node_modules\bootstrap\dist'
6 error  { [Error: EPERM, unlink 'C:\Users\martin.sandstrom\Documents\GitHub\ListGhPages\node_modules\bootstrap\dist']
6 error   errno: 50,
6 error   code: 'EPERM',
6 error   path: 'C:\\Users\\martin.sandstrom\\Documents\\GitHub\\ListGhPages\\node_modules\\bootstrap\\dist' }
7 error Please try running this command again as root/Administrator.
8 error System Windows_NT 6.2.9200
9 error command "C:\\Program Files\\nodejs\\\\node.exe" "C:\\Program Files\\nodejs\\node_modules\\npm\\bin\\npm-cli.js" "uninstall" "bootstrap" "--save"
10 error cwd C:\Users\martin.sandstrom\Documents\GitHub\ListGhPages
11 error node -v v0.10.23
12 error npm -v 1.3.17
13 error path C:\Users\martin.sandstrom\Documents\GitHub\ListGhPages\node_modules\bootstrap\dist
14 error code EPERM
15 error errno 50
16 error stack Error: EPERM, unlink 'C:\Users\martin.sandstrom\Documents\GitHub\ListGhPages\node_modules\bootstrap\dist'
17 verbose exit [ 50, true ]
